2025-10-06 08:41:21 [INFO    ] dashboard: Downloading GeoIP database...
2025-10-06 08:41:46 [INFO    ] dashboard: GeoIP database downloaded successfully.
2025-10-06 08:41:46 [INFO    ] hypercorn.error: Running on http://127.0.0.1:8000 (CTRL + C to quit)
2025-10-06 08:41:53 [INFO    ] dashboard: Bot (1408519938423128115) has been connected!
2025-10-06 08:42:00 [INFO    ] dashboard: User FG ROCKY DEV(1219912577849757750) has been connected!
2025-10-06 08:44:07 [INFO    ] dashboard: User FG ROCKY DEV(1219912577849757750) has been disconnected!
2025-10-06 08:44:07 [INFO    ] dashboard: User FG ROCKY DEV(1219912577849757750) has been connected!
2025-10-06 08:45:02 [INFO    ] dashboard: Bot (1408519938423128115) has been disconnected!
2025-10-06 08:45:14 [INFO    ] dashboard: Bot (1408519938423128115) has been connected!
2025-10-06 08:45:38 [INFO    ] dashboard: User FG ROCKY DEV(1219912577849757750) has been disconnected!
2025-10-06 08:45:38 [INFO    ] dashboard: User FG ROCKY DEV(1219912577849757750) has been connected!
2025-10-06 08:46:30 [INFO    ] dashboard: User FG ROCKY DEV(1219912577849757750) has been disconnected!
2025-10-06 08:46:30 [INFO    ] dashboard: User FG ROCKY DEV(1219912577849757750) has been connected!
2025-10-06 08:47:20 [INFO    ] dashboard: Bot (1408519938423128115) has been disconnected!
2025-10-06 08:47:32 [INFO    ] dashboard: Bot (1408519938423128115) has been connected!
2025-10-06 08:48:39 [INFO    ] dashboard: User FG ROCKY DEV(1219912577849757750) has been disconnected!
2025-10-06 08:48:39 [INFO    ] dashboard: User FG ROCKY DEV(1219912577849757750) has been connected!
2025-10-06 08:54:35 [INFO    ] dashboard: User FG ROCKY DEV(1219912577849757750) has been disconnected!
2025-10-06 08:54:35 [INFO    ] dashboard: User FG ROCKY DEV(1219912577849757750) has been connected!
2025-10-06 08:55:28 [INFO    ] dashboard: User FG ROCKY DEV(1219912577849757750) has been disconnected!
2025-10-06 08:55:28 [INFO    ] dashboard: User FG ROCKY DEV(1219912577849757750) has been connected!
2025-10-06 08:56:40 [INFO    ] dashboard: User FG ROCKY DEV(1219912577849757750) has been disconnected!
2025-10-06 08:56:40 [INFO    ] dashboard: User FG ROCKY DEV(1219912577849757750) has been connected!
2025-10-06 09:01:29 [INFO    ] dashboard: User FG ROCKY DEV(1219912577849757750) has been disconnected!
2025-10-06 09:01:29 [INFO    ] dashboard: User FG ROCKY DEV(1219912577849757750) has been connected!
2025-10-06 09:04:36 [INFO    ] dashboard: User FG ROCKY DEV(1219912577849757750) has been disconnected!
2025-10-06 09:04:36 [INFO    ] dashboard: User FG ROCKY DEV(1219912577849757750) has been connected!
2025-10-06 09:05:41 [INFO    ] dashboard: User FG ROCKY DEV(1219912577849757750) has been disconnected!
2025-10-06 09:05:41 [INFO    ] dashboard: User FG ROCKY DEV(1219912577849757750) has been connected!
2025-10-06 09:06:22 [INFO    ] dashboard: User FG ROCKY DEV(1219912577849757750) has been disconnected!
2025-10-06 09:06:22 [INFO    ] dashboard: User FG ROCKY DEV(1219912577849757750) has been connected!
2025-10-06 09:08:07 [INFO    ] dashboard: User FG ROCKY DEV(1219912577849757750) has been disconnected!
2025-10-06 09:08:07 [INFO    ] dashboard: User FG ROCKY DEV(1219912577849757750) has been connected!
2025-10-06 09:08:11 [INFO    ] dashboard: Bot (1408519938423128115) has been disconnected!
2025-10-06 09:09:10 [INFO    ] dashboard: User FG ROCKY DEV(1219912577849757750) has been disconnected!
2025-10-06 09:09:10 [INFO    ] dashboard: User FG ROCKY DEV(1219912577849757750) has been connected!
2025-10-06 09:10:18 [INFO    ] dashboard: User FG ROCKY DEV(1219912577849757750) has been disconnected!
2025-10-06 09:10:18 [INFO    ] dashboard: User FG ROCKY DEV(1219912577849757750) has been connected!
2025-10-06 09:11:31 [INFO    ] dashboard: User FG ROCKY DEV(1219912577849757750) has been disconnected!
2025-10-06 09:11:31 [INFO    ] dashboard: User FG ROCKY DEV(1219912577849757750) has been connected!
2025-10-06 09:12:39 [INFO    ] dashboard: User FG ROCKY DEV(1219912577849757750) has been disconnected!
2025-10-06 09:12:39 [INFO    ] dashboard: User FG ROCKY DEV(1219912577849757750) has been connected!
2025-10-06 09:15:15 [INFO    ] hypercorn.error: Running on http://127.0.0.1:8000 (CTRL + C to quit)
2025-10-06 09:16:15 [INFO    ] hypercorn.error: Running on http://127.0.0.1:8000 (CTRL + C to quit)
2025-10-06 09:16:50 [INFO    ] hypercorn.error: Running on http://127.0.0.1:8000 (CTRL + C to quit)
2025-10-06 09:16:58 [INFO    ] hypercorn.error: Running on http://127.0.0.1:8000 (CTRL + C to quit)
2025-10-06 09:17:17 [INFO    ] hypercorn.error: Running on http://127.0.0.1:8000 (CTRL + C to quit)
2025-10-06 09:36:08 [INFO    ] hypercorn.error: Running on http://127.0.0.1:8000 (CTRL + C to quit)
